Library/Bee/Android/Prj/Mono2x/Gradle/launcher/build/intermediates/manifest_merge_blame_file/debug/manifest-merger-blame-debug-report.txt
1<?xml version="1.0" encoding="utf-8"?>
2<manifest xmlns:android="http://schemas.android.com/apk/res/android"
3    package="com.DefaultCompany.WhackAMole"
4    android:installLocation="preferExternal"
5    android:versionCode="1"
6    android:versionName="0.1" >
7
8    <uses-sdk
9        android:minSdkVersion="24"
9-->src\main\AndroidManifest.xml
10        android:targetSdkVersion="30" />
10-->src\main\AndroidManifest.xml
11
12    <supports-screens
12-->src\main\AndroidManifest.xml:3:3-163
13        android:anyDensity="true"
13-->src\main\AndroidManifest.xml:3:135-160
14        android:largeScreens="true"
14-->src\main\AndroidManifest.xml:3:78-105
15        android:normalScreens="true"
15-->src\main\AndroidManifest.xml:3:49-77
16        android:smallScreens="true"
16-->src\main\AndroidManifest.xml:3:21-48
17        android:xlargeScreens="true" />
17-->src\main\AndroidManifest.xml:3:106-134
18
19    <uses-feature android:glEsVersion="0x00030000" />
19-->[:unityLibrary] AndroidManifest.xml:12:5-54
19-->[:unityLibrary] AndroidManifest.xml:12:19-51
20
21    <uses-permission android:name="android.permission.INTERNET" />
21-->[:unityLibrary] AndroidManifest.xml:14:5-67
21-->[:unityLibrary] AndroidManifest.xml:14:22-64
22    <uses-permission android:name="android.permission.ACCESS_NETWORK_STATE" />
22-->[:unityLibrary] AndroidManifest.xml:15:5-79
22-->[:unityLibrary] AndroidManifest.xml:15:22-76
23
24    <uses-feature
24-->[:unityLibrary] AndroidManifest.xml:17:5-19:36
25        android:name="android.hardware.touchscreen"
25-->[:unityLibrary] AndroidManifest.xml:18:9-52
26        android:required="false" />
26-->[:unityLibrary] AndroidManifest.xml:19:9-33
27    <uses-feature
27-->[:unityLibrary] AndroidManifest.xml:20:5-22:36
28        android:name="android.hardware.touchscreen.multitouch"
28-->[:unityLibrary] AndroidManifest.xml:21:9-63
29        android:required="false" />
29-->[:unityLibrary] AndroidManifest.xml:22:9-33
30    <uses-feature
30-->[:unityLibrary] AndroidManifest.xml:23:5-25:36
31        android:name="android.hardware.touchscreen.multitouch.distinct"
31-->[:unityLibrary] AndroidManifest.xml:24:9-72
32        android:required="false" />
32-->[:unityLibrary] AndroidManifest.xml:25:9-33
33
34    <uses-permission android:name="android.permission.CAMERA" />
34-->[:unityLibrary] AndroidManifest.xml:27:5-65
34-->[:unityLibrary] AndroidManifest.xml:27:22-62
35
36    <queries>
36-->[:arcore_client:] AndroidManifest.xml:29:5-31:15
37        <package android:name="com.google.ar.core" />
37-->[:arcore_client:] AndroidManifest.xml:30:9-54
37-->[:arcore_client:] AndroidManifest.xml:30:18-51
38    </queries>
39
40    <application
40-->src\main\AndroidManifest.xml:4:3-83
41        android:debuggable="true"
42        android:extractNativeLibs="true"
42-->[:unityLibrary] AndroidManifest.xml:29:18-50
43        android:icon="@mipmap/app_icon"
43-->src\main\AndroidManifest.xml:4:49-80
44        android:label="@string/app_name" >
44-->src\main\AndroidManifest.xml:4:16-48
45        <activity
45-->[:unityLibrary] AndroidManifest.xml:30:9-50:20
46            android:name="com.unity3d.player.UnityPlayerActivity"
46-->[:unityLibrary] AndroidManifest.xml:31:13-66
47            android:configChanges="mcc|mnc|locale|touchscreen|keyboard|keyboardHidden|navigation|orientation|screenLayout|uiMode|screenSize|smallestScreenSize|fontScale|layoutDirection|density"
47-->[:unityLibrary] AndroidManifest.xml:32:13-194
48            android:hardwareAccelerated="false"
48-->[:unityLibrary] AndroidManifest.xml:33:13-48
49            android:launchMode="singleTask"
49-->[:unityLibrary] AndroidManifest.xml:34:13-44
50            android:resizeableActivity="false"
50-->[:unityLibrary] AndroidManifest.xml:35:13-47
51            android:screenOrientation="fullUser"
51-->[:unityLibrary] AndroidManifest.xml:36:13-49
52            android:theme="@style/UnityThemeSelector" >
52-->[:unityLibrary] AndroidManifest.xml:37:13-54
53            <intent-filter>
53-->[:unityLibrary] AndroidManifest.xml:38:13-42:29
54                <action android:name="android.intent.action.MAIN" />
54-->[:unityLibrary] AndroidManifest.xml:39:17-69
54-->[:unityLibrary] AndroidManifest.xml:39:25-66
55
56                <category android:name="android.intent.category.LAUNCHER" />
56-->[:unityLibrary] AndroidManifest.xml:41:17-77
56-->[:unityLibrary] AndroidManifest.xml:41:27-74
57            </intent-filter>
58
59            <meta-data
59-->[:unityLibrary] AndroidManifest.xml:44:13-46:40
60                android:name="unityplayer.UnityActivity"
60-->[:unityLibrary] AndroidManifest.xml:45:17-57
61                android:value="true" />
61-->[:unityLibrary] AndroidManifest.xml:46:17-37
62            <meta-data
62-->[:unityLibrary] AndroidManifest.xml:47:13-49:40
63                android:name="android.notch_support"
63-->[:unityLibrary] AndroidManifest.xml:48:17-53
64                android:value="true" />
64-->[:unityLibrary] AndroidManifest.xml:49:17-37
65        </activity>
66
67        <meta-data
67-->[:unityLibrary] AndroidManifest.xml:52:9-54:33
68            android:name="unity.splash-mode"
68-->[:unityLibrary] AndroidManifest.xml:53:13-45
69            android:value="0" />
69-->[:unityLibrary] AndroidManifest.xml:54:13-30
70        <meta-data
70-->[:unityLibrary] AndroidManifest.xml:55:9-57:36
71            android:name="unity.splash-enable"
71-->[:unityLibrary] AndroidManifest.xml:56:13-47
72            android:value="True" />
72-->[:unityLibrary] AndroidManifest.xml:57:13-33
73        <meta-data
73-->[:unityLibrary] AndroidManifest.xml:58:9-60:36
74            android:name="unity.launch-fullscreen"
74-->[:unityLibrary] AndroidManifest.xml:59:13-51
75            android:value="True" />
75-->[:unityLibrary] AndroidManifest.xml:60:13-33
76        <meta-data
76-->[:unityLibrary] AndroidManifest.xml:61:9-63:37
77            android:name="unity.allow-resizable-window"
77-->[:unityLibrary] AndroidManifest.xml:62:13-56
78            android:value="False" />
78-->[:unityLibrary] AndroidManifest.xml:63:13-34
79        <meta-data
79-->[:unityLibrary] AndroidManifest.xml:64:9-66:50
80            android:name="notch.config"
80-->[:unityLibrary] AndroidManifest.xml:65:13-40
81            android:value="portrait|landscape" />
81-->[:unityLibrary] AndroidManifest.xml:66:13-47
82        <meta-data
82-->[:unityLibrary] AndroidManifest.xml:67:9-69:36
83            android:name="unityplayer.SkipPermissionsDialog"
83-->[:unityLibrary] AndroidManifest.xml:68:13-61
84            android:value="true" />
84-->[:unityLibrary] AndroidManifest.xml:69:13-33
85        <meta-data
85-->[:unityLibrary] AndroidManifest.xml:70:9-72:40
86            android:name="com.google.ar.core"
86-->[:unityLibrary] AndroidManifest.xml:71:13-46
87            android:value="optional" /> <!-- The minimal version code of ARCore APK required for an app using this SDK. -->
87-->[:unityLibrary] AndroidManifest.xml:72:13-37
88        <meta-data
88-->[:arcore_client:] AndroidManifest.xml:36:9-38:41
89            android:name="com.google.ar.core.min_apk_version"
89-->[:arcore_client:] AndroidManifest.xml:37:13-62
90            android:value="210910000" /> <!-- This activity is critical for installing ARCore when it is not already present. -->
90-->[:arcore_client:] AndroidManifest.xml:38:13-38
91        <activity
91-->[:arcore_client:] AndroidManifest.xml:40:9-46:80
92            android:name="com.google.ar.core.InstallActivity"
92-->[:arcore_client:] AndroidManifest.xml:41:13-62
93            android:configChanges="keyboardHidden|orientation|screenSize"
93-->[:arcore_client:] AndroidManifest.xml:42:13-74
94            android:excludeFromRecents="true"
94-->[:arcore_client:] AndroidManifest.xml:43:13-46
95            android:exported="false"
95-->[:arcore_client:] AndroidManifest.xml:44:13-37
96            android:launchMode="singleTop"
96-->[:arcore_client:] AndroidManifest.xml:45:13-43
97            android:theme="@android:style/Theme.Material.Light.Dialog.Alert" />
97-->[:arcore_client:] AndroidManifest.xml:46:13-77
98    </application>
99
100</manifest>